\BOOKMARK [0][-]{chapter.1}{Problem 1: A Window Into NER \(30 pts\)}{}% 1
\BOOKMARK [1][-]{section.1.1}{\(a\) \040Conceptual \(5 pts\)}{chapter.1}% 2
\BOOKMARK [2][-]{subsection.1.1.1}{ i\) \040\(2 pts\)}{section.1.1}% 3
\BOOKMARK [2][-]{subsection.1.1.2}{ ii\) \040\(1 pt\)}{section.1.1}% 4
\BOOKMARK [2][-]{subsection.1.1.3}{ iii\) \040\(2 pts\)}{section.1.1}% 5
\BOOKMARK [1][-]{section.1.2}{\(b\) \040Network Components \(5 pts\)}{chapter.1}% 6
\BOOKMARK [2][-]{subsection.1.2.1}{ i\) \040\(2 pts\)}{section.1.2}% 7
\BOOKMARK [2][-]{subsection.1.2.2}{ ii\) \040\(3 pts\)}{section.1.2}% 8
\BOOKMARK [1][-]{section.1.3}{\(c\) \040Implementing a Window Based Model \(15 pts\)}{chapter.1}% 9
\BOOKMARK [2][-]{subsection.1.3.1}{ i\) \040\(5 pts\)}{section.1.3}% 10
\BOOKMARK [2][-]{subsection.1.3.2}{ ii\) \040\(8 pts\)}{section.1.3}% 11
\BOOKMARK [2][-]{subsection.1.3.3}{ iii\) \040\(2 pts\)}{section.1.3}% 12
\BOOKMARK [1][-]{section.1.4}{\(d\) \040Analysis \(5 pts\)}{chapter.1}% 13
\BOOKMARK [2][-]{subsection.1.4.1}{ i\) \040\(1 pt\)}{section.1.4}% 14
\BOOKMARK [2][-]{subsection.1.4.2}{ ii\) \040\(4 pts\)}{section.1.4}% 15
\BOOKMARK [0][-]{chapter.2}{Problem Recurrent Neural Nets for NER \(40 pts\)}{}% 16
\BOOKMARK [1][-]{section.2.1}{\(a\) \040Size and Complexity \(4 pts\)}{chapter.2}% 17
\BOOKMARK [2][-]{subsection.2.1.1}{ i\) \040\(1 pt\)}{section.2.1}% 18
\BOOKMARK [2][-]{subsection.2.1.2}{ ii\) \040\(3 pts\)}{section.2.1}% 19
\BOOKMARK [1][-]{section.2.2}{\(b\) \040Optimizing the Loss Function \(2 pts\)}{chapter.2}% 20
\BOOKMARK [2][-]{subsection.2.2.1}{ i\) \040\(1 pt\)}{section.2.2}% 21
\BOOKMARK [2][-]{subsection.2.2.2}{ ii\) \040\(1 pt\)}{section.2.2}% 22
\BOOKMARK [1][-]{section.2.3}{\(c\) \040RNN Cell \(5 pts\)}{chapter.2}% 23
